<?xml version="1.0" encoding="UTF-8"?>
<!-- Generated by org.testng.reporters.JUnitReportReporter -->
<testsuite hostname="Ankit-PC" failures="0" tests="3" name="com.test.TestNgBasics" time="0.020" errors="0" timestamp="15 Apr 2019 13:28:07 GMT" skipped="0">
  <testcase classname="com.test.TestNgBasics" name="googleLogoTest" time="0.003"/>
  <testcase classname="com.test.TestNgBasics" name="googleTitleTest" time="0.005"/>
  <testcase classname="com.test.TestNgBasics" name="searchTest" time="0.012"/>
</testsuite> <!-- com.test.TestNgBasics -->
