<?xml version="1.0" encoding="UTF-8"?>
<!-- Generated by org.testng.reporters.JUnitReportReporter -->
<testsuite hostname="Ankit-PC" failures="0" tests="10" name="com.test.InvocationCountTest" time="0.050" errors="0" timestamp="15 Apr 2019 13:28:07 GMT" skipped="0">
  <testcase classname="com.test.InvocationCountTest" name="sum" time="0.002"/>
  <testcase classname="com.test.InvocationCountTest" name="sum" time="0.002"/>
  <testcase classname="com.test.InvocationCountTest" name="sum" time="0.003"/>
  <testcase classname="com.test.InvocationCountTest" name="sum" time="0.002"/>
  <testcase classname="com.test.InvocationCountTest" name="sum" time="0.002"/>
  <testcase classname="com.test.InvocationCountTest" name="sum" time="0.006"/>
  <testcase classname="com.test.InvocationCountTest" name="sum" time="0.012"/>
  <testcase classname="com.test.InvocationCountTest" name="sum" time="0.014"/>
  <testcase classname="com.test.InvocationCountTest" name="sum" time="0.005"/>
  <testcase classname="com.test.InvocationCountTest" name="sum" time="0.002"/>
</testsuite> <!-- com.test.InvocationCountTest -->
