<?xml version="1.0" encoding="UTF-8"?>
<!-- Generated by org.testng.reporters.JUnitReportReporter -->
<testsuite hostname="Ankit-PC" failures="0" tests="1" name="com.test.ExceptionTimeoutTest" time="0.026" errors="0" timestamp="15 Apr 2019 13:33:13 GMT" skipped="0">
  <testcase classname="com.test.ExceptionTimeoutTest" name="test1" time="0.026"/>
</testsuite> <!-- com.test.ExceptionTimeoutTest -->
